<?xml version="1.0" encoding="UTF-8"?>
<!-- Generated by org.testng.reporters.JUnitXMLReporter -->
<testsuite ignored="4" hostname="LAPTOP-JBPHD3IU" failures="0" tests="1" name="Default test" time="9.154" errors="0" timestamp="2024-03-24T02:54:16 EDT">
  <testcase classname="com.ws.testcases.TestLoginPage" name="testPasswordRecoveryFailure" time="1.316"/>
  <testcase classname="com.ws.testcases.TestLoginPage" name="testLoginPageTitle" time="0.0">
    <ignored/>
  </testcase> <!-- testLoginPageTitle -->
  <testcase classname="com.ws.testcases.TestLoginPage" name="testPasswordRecovery" time="0.0">
    <ignored/>
  </testcase> <!-- testPasswordRecovery -->
  <testcase classname="com.ws.testcases.TestLoginPage" name="testForgotPasswordDisplayed" time="0.0">
    <ignored/>
  </testcase> <!-- testForgotPasswordDisplayed -->
  <testcase classname="com.ws.testcases.TestLoginPage" name="testLoginFunction" time="0.0">
    <ignored/>
  </testcase> <!-- testLoginFunction -->
</testsuite> <!-- Default test -->
