<?xml version="1.0" encoding="UTF-8"?>
<testng-results ignored="0" total="1" passed="1" failed="0" skipped="0">
  <reporter-output>
  </reporter-output>
  <suite started-at="2024-03-24T02:54:07 EDT" name="Default suite" finished-at="2024-03-24T02:54:16 EDT" duration-ms="9154">
    <groups>
    </groups>
    <test started-at="2024-03-24T02:54:07 EDT" name="Default test" finished-at="2024-03-24T02:54:16 EDT" duration-ms="9154">
      <class name="com.ws.testcases.TestLoginPage">
        <test-method is-config="true" signature="setup()[pri:0, instance:com.ws.testcases.TestLoginPage@10e31a9a]" started-at="2024-03-24T02:54:07 EDT" name="setup" finished-at="2024-03-24T02:54:11 EDT" duration-ms="4134" status="PASS">
          <reporter-output>
          </reporter-output>
        </test-method> <!-- setup -->
        <test-method signature="testPasswordRecoveryFailure()[pri:5, instance:com.ws.testcases.TestLoginPage@10e31a9a]" started-at="2024-03-24T02:54:11 EDT" name="testPasswordRecoveryFailure" finished-at="2024-03-24T02:54:12 EDT" duration-ms="1316" status="PASS">
          <reporter-output>
          </reporter-output>
        </test-method> <!-- testPasswordRecoveryFailure -->
        <test-method is-config="true" signature="tearDown()[pri:0, instance:com.ws.testcases.TestLoginPage@10e31a9a]" started-at="2024-03-24T02:54:12 EDT" name="tearDown" finished-at="2024-03-24T02:54:16 EDT" duration-ms="3666" status="PASS">
          <reporter-output>
          </reporter-output>
        </test-method> <!-- tearDown -->
      </class> <!-- com.ws.testcases.TestLoginPage -->
    </test> <!-- Default test -->
  </suite> <!-- Default suite -->
</testng-results>
